running egg_info
writing ../../build/robot_patrol/robot_patrol.egg-info/PKG-INFO
writing dependency_links to ../../build/robot_patrol/robot_patrol.egg-info/dependency_links.txt
writing entry points to ../../build/robot_patrol/robot_patrol.egg-info/entry_points.txt
writing requirements to ../../build/robot_patrol/robot_patrol.egg-info/requires.txt
writing top-level names to ../../build/robot_patrol/robot_patrol.egg-info/top_level.txt
reading manifest file '../../build/robot_patrol/robot_patrol.egg-info/SOURCES.txt'
writing manifest file '../../build/robot_patrol/robot_patrol.egg-info/SOURCES.txt'
running build
running build_py
copying robot_patrol/failsafe/__init__.py -> /home/patrol/robot_patrol_ws/build/robot_patrol/build/lib/robot_patrol/failsafe
copying robot_patrol/vision/__init__.py -> /home/patrol/robot_patrol_ws/build/robot_patrol/build/lib/robot_patrol/vision
copying robot_patrol/navigation/__init__.py -> /home/patrol/robot_patrol_ws/build/robot_patrol/build/lib/robot_patrol/navigation
copying robot_patrol/communication/__init__.py -> /home/patrol/robot_patrol_ws/build/robot_patrol/build/lib/robot_patrol/communication
running install
running install_lib
copying /home/patrol/robot_patrol_ws/build/robot_patrol/build/lib/robot_patrol/communication/__init__.py -> /home/patrol/robot_patrol_ws/install/robot_patrol/lib/python3.8/site-packages/robot_patrol/communication
copying /home/patrol/robot_patrol_ws/build/robot_patrol/build/lib/robot_patrol/failsafe/__init__.py -> /home/patrol/robot_patrol_ws/install/robot_patrol/lib/python3.8/site-packages/robot_patrol/failsafe
copying /home/patrol/robot_patrol_ws/build/robot_patrol/build/lib/robot_patrol/navigation/__init__.py -> /home/patrol/robot_patrol_ws/install/robot_patrol/lib/python3.8/site-packages/robot_patrol/navigation
copying /home/patrol/robot_patrol_ws/build/robot_patrol/build/lib/robot_patrol/vision/__init__.py -> /home/patrol/robot_patrol_ws/install/robot_patrol/lib/python3.8/site-packages/robot_patrol/vision
byte-compiling /home/patrol/robot_patrol_ws/install/robot_patrol/lib/python3.8/site-packages/robot_patrol/communication/__init__.py to __init__.cpython-38.pyc
byte-compiling /home/patrol/robot_patrol_ws/install/robot_patrol/lib/python3.8/site-packages/robot_patrol/failsafe/__init__.py to __init__.cpython-38.pyc
byte-compiling /home/patrol/robot_patrol_ws/install/robot_patrol/lib/python3.8/site-packages/robot_patrol/navigation/__init__.py to __init__.cpython-38.pyc
byte-compiling /home/patrol/robot_patrol_ws/install/robot_patrol/lib/python3.8/site-packages/robot_patrol/vision/__init__.py to __init__.cpython-38.pyc
running install_data
running install_egg_info
removing '/home/patrol/robot_patrol_ws/install/robot_patrol/lib/python3.8/site-packages/robot_patrol-0.0.0-py3.8.egg-info' (and everything under it)
Copying ../../build/robot_patrol/robot_patrol.egg-info to /home/patrol/robot_patrol_ws/install/robot_patrol/lib/python3.8/site-packages/robot_patrol-0.0.0-py3.8.egg-info
running install_scripts
Installing failsafe_node script to /home/patrol/robot_patrol_ws/install/robot_patrol/lib/robot_patrol
Installing lidar_node script to /home/patrol/robot_patrol_ws/install/robot_patrol/lib/robot_patrol
Installing lora_node script to /home/patrol/robot_patrol_ws/install/robot_patrol/lib/robot_patrol
Installing navigation_node script to /home/patrol/robot_patrol_ws/install/robot_patrol/lib/robot_patrol
Installing ultrasonic_node script to /home/patrol/robot_patrol_ws/install/robot_patrol/lib/robot_patrol
Installing vision_node script to /home/patrol/robot_patrol_ws/install/robot_patrol/lib/robot_patrol
writing list of installed files to '/home/patrol/robot_patrol_ws/build/robot_patrol/install.log'
