/home/patrol/robot_patrol_ws/install/robot_patrol/lib/python3.8/site-packages/robot_patrol/ros_failsafe_node.py
/home/patrol/robot_patrol_ws/install/robot_patrol/lib/python3.8/site-packages/robot_patrol/ros_navigation_node.py
/home/patrol/robot_patrol_ws/install/robot_patrol/lib/python3.8/site-packages/robot_patrol/ros_ultrasonic_node.py
/home/patrol/robot_patrol_ws/install/robot_patrol/lib/python3.8/site-packages/robot_patrol/ros_lora_node.py
/home/patrol/robot_patrol_ws/install/robot_patrol/lib/python3.8/site-packages/robot_patrol/ros_vision_node.py
/home/patrol/robot_patrol_ws/install/robot_patrol/lib/python3.8/site-packages/robot_patrol/ros_lidar_node.py
/home/patrol/robot_patrol_ws/install/robot_patrol/lib/python3.8/site-packages/robot_patrol/main_controller.py
/home/patrol/robot_patrol_ws/install/robot_patrol/lib/python3.8/site-packages/robot_patrol/__init__.py
/home/patrol/robot_patrol_ws/install/robot_patrol/lib/python3.8/site-packages/robot_patrol/failsafe/ultrasonic_node.py
/home/patrol/robot_patrol_ws/install/robot_patrol/lib/python3.8/site-packages/robot_patrol/failsafe/__init__.py
/home/patrol/robot_patrol_ws/install/robot_patrol/lib/python3.8/site-packages/robot_patrol/failsafe/lidar_node.py
/home/patrol/robot_patrol_ws/install/robot_patrol/lib/python3.8/site-packages/robot_patrol/vision/detector.py
/home/patrol/robot_patrol_ws/install/robot_patrol/lib/python3.8/site-packages/robot_patrol/vision/__init__.py
/home/patrol/robot_patrol_ws/install/robot_patrol/lib/python3.8/site-packages/robot_patrol/navigation/navigation_node.py
/home/patrol/robot_patrol_ws/install/robot_patrol/lib/python3.8/site-packages/robot_patrol/navigation/__init__.py
/home/patrol/robot_patrol_ws/install/robot_patrol/lib/python3.8/site-packages/robot_patrol/communication/lora_handler.py
/home/patrol/robot_patrol_ws/install/robot_patrol/lib/python3.8/site-packages/robot_patrol/communication/__init__.py
/home/patrol/robot_patrol_ws/install/robot_patrol/lib/python3.8/site-packages/robot_patrol/__pycache__/ros_failsafe_node.cpython-38.pyc
/home/patrol/robot_patrol_ws/install/robot_patrol/lib/python3.8/site-packages/robot_patrol/__pycache__/ros_navigation_node.cpython-38.pyc
/home/patrol/robot_patrol_ws/install/robot_patrol/lib/python3.8/site-packages/robot_patrol/__pycache__/ros_ultrasonic_node.cpython-38.pyc
/home/patrol/robot_patrol_ws/install/robot_patrol/lib/python3.8/site-packages/robot_patrol/__pycache__/ros_lora_node.cpython-38.pyc
/home/patrol/robot_patrol_ws/install/robot_patrol/lib/python3.8/site-packages/robot_patrol/__pycache__/ros_vision_node.cpython-38.pyc
/home/patrol/robot_patrol_ws/install/robot_patrol/lib/python3.8/site-packages/robot_patrol/__pycache__/ros_lidar_node.cpython-38.pyc
/home/patrol/robot_patrol_ws/install/robot_patrol/lib/python3.8/site-packages/robot_patrol/__pycache__/main_controller.cpython-38.pyc
/home/patrol/robot_patrol_ws/install/robot_patrol/lib/python3.8/site-packages/robot_patrol/__pycache__/__init__.cpython-38.pyc
/home/patrol/robot_patrol_ws/install/robot_patrol/lib/python3.8/site-packages/robot_patrol/failsafe/__pycache__/ultrasonic_node.cpython-38.pyc
/home/patrol/robot_patrol_ws/install/robot_patrol/lib/python3.8/site-packages/robot_patrol/failsafe/__pycache__/__init__.cpython-38.pyc
/home/patrol/robot_patrol_ws/install/robot_patrol/lib/python3.8/site-packages/robot_patrol/failsafe/__pycache__/lidar_node.cpython-38.pyc
/home/patrol/robot_patrol_ws/install/robot_patrol/lib/python3.8/site-packages/robot_patrol/vision/__pycache__/detector.cpython-38.pyc
/home/patrol/robot_patrol_ws/install/robot_patrol/lib/python3.8/site-packages/robot_patrol/vision/__pycache__/__init__.cpython-38.pyc
/home/patrol/robot_patrol_ws/install/robot_patrol/lib/python3.8/site-packages/robot_patrol/navigation/__pycache__/navigation_node.cpython-38.pyc
/home/patrol/robot_patrol_ws/install/robot_patrol/lib/python3.8/site-packages/robot_patrol/navigation/__pycache__/__init__.cpython-38.pyc
/home/patrol/robot_patrol_ws/install/robot_patrol/lib/python3.8/site-packages/robot_patrol/communication/__pycache__/lora_handler.cpython-38.pyc
/home/patrol/robot_patrol_ws/install/robot_patrol/lib/python3.8/site-packages/robot_patrol/communication/__pycache__/__init__.cpython-38.pyc
/home/patrol/robot_patrol_ws/install/robot_patrol/share/ament_index/resource_index/packages/robot_patrol
/home/patrol/robot_patrol_ws/install/robot_patrol/share/robot_patrol/package.xml
/home/patrol/robot_patrol_ws/install/robot_patrol/share/robot_patrol/launch/patrol_launch.py
/home/patrol/robot_patrol_ws/install/robot_patrol/lib/python3.8/site-packages/robot_patrol-0.0.0-py3.8.egg-info/dependency_links.txt
/home/patrol/robot_patrol_ws/install/robot_patrol/lib/python3.8/site-packages/robot_patrol-0.0.0-py3.8.egg-info/PKG-INFO
/home/patrol/robot_patrol_ws/install/robot_patrol/lib/python3.8/site-packages/robot_patrol-0.0.0-py3.8.egg-info/zip-safe
/home/patrol/robot_patrol_ws/install/robot_patrol/lib/python3.8/site-packages/robot_patrol-0.0.0-py3.8.egg-info/top_level.txt
/home/patrol/robot_patrol_ws/install/robot_patrol/lib/python3.8/site-packages/robot_patrol-0.0.0-py3.8.egg-info/entry_points.txt
/home/patrol/robot_patrol_ws/install/robot_patrol/lib/python3.8/site-packages/robot_patrol-0.0.0-py3.8.egg-info/requires.txt
/home/patrol/robot_patrol_ws/install/robot_patrol/lib/python3.8/site-packages/robot_patrol-0.0.0-py3.8.egg-info/SOURCES.txt
/home/patrol/robot_patrol_ws/install/robot_patrol/lib/robot_patrol/failsafe_node
/home/patrol/robot_patrol_ws/install/robot_patrol/lib/robot_patrol/lidar_node
/home/patrol/robot_patrol_ws/install/robot_patrol/lib/robot_patrol/lora_node
/home/patrol/robot_patrol_ws/install/robot_patrol/lib/robot_patrol/navigation_node
/home/patrol/robot_patrol_ws/install/robot_patrol/lib/robot_patrol/ultrasonic_node
/home/patrol/robot_patrol_ws/install/robot_patrol/lib/robot_patrol/vision_node
