running egg_info
creating ../../build/robot_patrol/robot_patrol.egg-info
writing ../../build/robot_patrol/robot_patrol.egg-info/PKG-INFO
writing dependency_links to ../../build/robot_patrol/robot_patrol.egg-info/dependency_links.txt
writing entry points to ../../build/robot_patrol/robot_patrol.egg-info/entry_points.txt
writing requirements to ../../build/robot_patrol/robot_patrol.egg-info/requires.txt
writing top-level names to ../../build/robot_patrol/robot_patrol.egg-info/top_level.txt
writing manifest file '../../build/robot_patrol/robot_patrol.egg-info/SOURCES.txt'
package init file 'robot_patrol/failsafe/__init__.py' not found (or not a regular file)
package init file 'robot_patrol/vision/__init__.py' not found (or not a regular file)
package init file 'robot_patrol/navigation/__init__.py' not found (or not a regular file)
package init file 'robot_patrol/communication/__init__.py' not found (or not a regular file)
reading manifest file '../../build/robot_patrol/robot_patrol.egg-info/SOURCES.txt'
writing manifest file '../../build/robot_patrol/robot_patrol.egg-info/SOURCES.txt'
running build
running build_py
creating /home/patrol/robot_patrol_ws/build/robot_patrol/build
creating /home/patrol/robot_patrol_ws/build/robot_patrol/build/lib
creating /home/patrol/robot_patrol_ws/build/robot_patrol/build/lib/robot_patrol
copying robot_patrol/main_controller.py -> /home/patrol/robot_patrol_ws/build/robot_patrol/build/lib/robot_patrol
copying robot_patrol/__init__.py -> /home/patrol/robot_patrol_ws/build/robot_patrol/build/lib/robot_patrol
creating /home/patrol/robot_patrol_ws/build/robot_patrol/build/lib/robot_patrol/failsafe
copying robot_patrol/failsafe/ultrasonic_node.py -> /home/patrol/robot_patrol_ws/build/robot_patrol/build/lib/robot_patrol/failsafe
copying robot_patrol/failsafe/lidar_node.py -> /home/patrol/robot_patrol_ws/build/robot_patrol/build/lib/robot_patrol/failsafe
creating /home/patrol/robot_patrol_ws/build/robot_patrol/build/lib/robot_patrol/vision
copying robot_patrol/vision/detector.py -> /home/patrol/robot_patrol_ws/build/robot_patrol/build/lib/robot_patrol/vision
creating /home/patrol/robot_patrol_ws/build/robot_patrol/build/lib/robot_patrol/navigation
copying robot_patrol/navigation/navigation_node.py -> /home/patrol/robot_patrol_ws/build/robot_patrol/build/lib/robot_patrol/navigation
creating /home/patrol/robot_patrol_ws/build/robot_patrol/build/lib/robot_patrol/communication
copying robot_patrol/communication/lora_handler.py -> /home/patrol/robot_patrol_ws/build/robot_patrol/build/lib/robot_patrol/communication
running install
running install_lib
creating /home/patrol/robot_patrol_ws/install/robot_patrol/lib/python3.8/site-packages/robot_patrol
creating /home/patrol/robot_patrol_ws/install/robot_patrol/lib/python3.8/site-packages/robot_patrol/communication
copying /home/patrol/robot_patrol_ws/build/robot_patrol/build/lib/robot_patrol/communication/lora_handler.py -> /home/patrol/robot_patrol_ws/install/robot_patrol/lib/python3.8/site-packages/robot_patrol/communication
creating /home/patrol/robot_patrol_ws/install/robot_patrol/lib/python3.8/site-packages/robot_patrol/failsafe
copying /home/patrol/robot_patrol_ws/build/robot_patrol/build/lib/robot_patrol/failsafe/ultrasonic_node.py -> /home/patrol/robot_patrol_ws/install/robot_patrol/lib/python3.8/site-packages/robot_patrol/failsafe
copying /home/patrol/robot_patrol_ws/build/robot_patrol/build/lib/robot_patrol/failsafe/lidar_node.py -> /home/patrol/robot_patrol_ws/install/robot_patrol/lib/python3.8/site-packages/robot_patrol/failsafe
copying /home/patrol/robot_patrol_ws/build/robot_patrol/build/lib/robot_patrol/main_controller.py -> /home/patrol/robot_patrol_ws/install/robot_patrol/lib/python3.8/site-packages/robot_patrol
copying /home/patrol/robot_patrol_ws/build/robot_patrol/build/lib/robot_patrol/__init__.py -> /home/patrol/robot_patrol_ws/install/robot_patrol/lib/python3.8/site-packages/robot_patrol
creating /home/patrol/robot_patrol_ws/install/robot_patrol/lib/python3.8/site-packages/robot_patrol/navigation
copying /home/patrol/robot_patrol_ws/build/robot_patrol/build/lib/robot_patrol/navigation/navigation_node.py -> /home/patrol/robot_patrol_ws/install/robot_patrol/lib/python3.8/site-packages/robot_patrol/navigation
creating /home/patrol/robot_patrol_ws/install/robot_patrol/lib/python3.8/site-packages/robot_patrol/vision
copying /home/patrol/robot_patrol_ws/build/robot_patrol/build/lib/robot_patrol/vision/detector.py -> /home/patrol/robot_patrol_ws/install/robot_patrol/lib/python3.8/site-packages/robot_patrol/vision
byte-compiling /home/patrol/robot_patrol_ws/install/robot_patrol/lib/python3.8/site-packages/robot_patrol/communication/lora_handler.py to lora_handler.cpython-38.pyc
byte-compiling /home/patrol/robot_patrol_ws/install/robot_patrol/lib/python3.8/site-packages/robot_patrol/failsafe/ultrasonic_node.py to ultrasonic_node.cpython-38.pyc
byte-compiling /home/patrol/robot_patrol_ws/install/robot_patrol/lib/python3.8/site-packages/robot_patrol/failsafe/lidar_node.py to lidar_node.cpython-38.pyc
byte-compiling /home/patrol/robot_patrol_ws/install/robot_patrol/lib/python3.8/site-packages/robot_patrol/main_controller.py to main_controller.cpython-38.pyc
byte-compiling /home/patrol/robot_patrol_ws/install/robot_patrol/lib/python3.8/site-packages/robot_patrol/__init__.py to __init__.cpython-38.pyc
byte-compiling /home/patrol/robot_patrol_ws/install/robot_patrol/lib/python3.8/site-packages/robot_patrol/navigation/navigation_node.py to navigation_node.cpython-38.pyc
byte-compiling /home/patrol/robot_patrol_ws/install/robot_patrol/lib/python3.8/site-packages/robot_patrol/vision/detector.py to detector.cpython-38.pyc
running install_data
creating /home/patrol/robot_patrol_ws/install/robot_patrol/share/ament_index
creating /home/patrol/robot_patrol_ws/install/robot_patrol/share/ament_index/resource_index
creating /home/patrol/robot_patrol_ws/install/robot_patrol/share/ament_index/resource_index/packages
copying resource/robot_patrol -> /home/patrol/robot_patrol_ws/install/robot_patrol/share/ament_index/resource_index/packages
copying package.xml -> /home/patrol/robot_patrol_ws/install/robot_patrol/share/robot_patrol
creating /home/patrol/robot_patrol_ws/install/robot_patrol/share/robot_patrol/launch
copying launch/patrol_launch.py -> /home/patrol/robot_patrol_ws/install/robot_patrol/share/robot_patrol/launch
running install_egg_info
Copying ../../build/robot_patrol/robot_patrol.egg-info to /home/patrol/robot_patrol_ws/install/robot_patrol/lib/python3.8/site-packages/robot_patrol-0.0.0-py3.8.egg-info
running install_scripts
Installing failsafe_node script to /home/patrol/robot_patrol_ws/install/robot_patrol/lib/robot_patrol
Installing lidar_node script to /home/patrol/robot_patrol_ws/install/robot_patrol/lib/robot_patrol
Installing lora_node script to /home/patrol/robot_patrol_ws/install/robot_patrol/lib/robot_patrol
Installing navigation_node script to /home/patrol/robot_patrol_ws/install/robot_patrol/lib/robot_patrol
Installing ultrasonic_node script to /home/patrol/robot_patrol_ws/install/robot_patrol/lib/robot_patrol
Installing vision_node script to /home/patrol/robot_patrol_ws/install/robot_patrol/lib/robot_patrol
writing list of installed files to '/home/patrol/robot_patrol_ws/build/robot_patrol/install.log'
